mode: set
github.com/fiskaly/coding-challenges/signing-service-challenge/main.go:15.13,23.37 5 0
github.com/fiskaly/coding-challenges/signing-service-challenge/main.go:23.37,25.3 1 0
github.com/fiskaly/coding-challenges/signing-service-challenge/crypto/ecdsa.go:15.48,17.16 2 0
github.com/fiskaly/coding-challenges/signing-service-challenge/crypto/ecdsa.go:17.16,19.3 1 0
github.com/fiskaly/coding-challenges/signing-service-challenge/crypto/ecdsa.go:21.2,24.4 1 0
github.com/fiskaly/coding-challenges/signing-service-challenge/crypto/ecdsa.go:27.47,29.16 2 0
github.com/fiskaly/coding-challenges/signing-service-challenge/crypto/ecdsa.go:29.16,31.3 1 0
github.com/fiskaly/coding-challenges/signing-service-challenge/crypto/ecdsa.go:33.2,36.4 1 0
github.com/fiskaly/coding-challenges/signing-service-challenge/crypto/ecdsa.go:43.37,45.2 1 0
github.com/fiskaly/coding-challenges/signing-service-challenge/crypto/ecdsa.go:49.74,51.16 2 0
github.com/fiskaly/coding-challenges/signing-service-challenge/crypto/ecdsa.go:51.16,53.3 1 0
github.com/fiskaly/coding-challenges/signing-service-challenge/crypto/ecdsa.go:55.2,56.16 2 0
github.com/fiskaly/coding-challenges/signing-service-challenge/crypto/ecdsa.go:56.16,58.3 1 0
github.com/fiskaly/coding-challenges/signing-service-challenge/crypto/ecdsa.go:60.2,70.43 3 0
github.com/fiskaly/coding-challenges/signing-service-challenge/crypto/ecdsa.go:74.75,77.16 3 0
github.com/fiskaly/coding-challenges/signing-service-challenge/crypto/ecdsa.go:77.16,79.3 1 0
github.com/fiskaly/coding-challenges/signing-service-challenge/crypto/ecdsa.go:81.2,84.8 1 0
github.com/fiskaly/coding-challenges/signing-service-challenge/crypto/factory.go:7.82,8.19 1 0
github.com/fiskaly/coding-challenges/signing-service-challenge/crypto/factory.go:9.27,12.17 3 0
github.com/fiskaly/coding-challenges/signing-service-challenge/crypto/factory.go:12.17,14.4 1 0
github.com/fiskaly/coding-challenges/signing-service-challenge/crypto/factory.go:15.3,15.44 1 0
github.com/fiskaly/coding-challenges/signing-service-challenge/crypto/factory.go:17.27,20.17 3 0
github.com/fiskaly/coding-challenges/signing-service-challenge/crypto/factory.go:20.17,22.4 1 0
github.com/fiskaly/coding-challenges/signing-service-challenge/crypto/factory.go:23.3,23.46 1 0
github.com/fiskaly/coding-challenges/signing-service-challenge/crypto/factory.go:25.10,26.41 1 0
github.com/fiskaly/coding-challenges/signing-service-challenge/crypto/factory.go:34.56,35.19 1 0
github.com/fiskaly/coding-challenges/signing-service-challenge/crypto/factory.go:36.27,37.30 1 0
github.com/fiskaly/coding-challenges/signing-service-challenge/crypto/factory.go:38.27,39.30 1 0
github.com/fiskaly/coding-challenges/signing-service-challenge/crypto/factory.go:40.10,41.41 1 0
github.com/fiskaly/coding-challenges/signing-service-challenge/crypto/generation.go:14.52,17.16 2 0
github.com/fiskaly/coding-challenges/signing-service-challenge/crypto/generation.go:17.16,19.3 1 0
github.com/fiskaly/coding-challenges/signing-service-challenge/crypto/generation.go:21.2,24.8 1 0
github.com/fiskaly/coding-challenges/signing-service-challenge/crypto/generation.go:31.52,34.16 2 0
github.com/fiskaly/coding-challenges/signing-service-challenge/crypto/generation.go:34.16,36.3 1 0
github.com/fiskaly/coding-challenges/signing-service-challenge/crypto/generation.go:38.2,41.8 1 0
github.com/fiskaly/coding-challenges/signing-service-challenge/crypto/rsa.go:15.48,21.2 2 0
github.com/fiskaly/coding-challenges/signing-service-challenge/crypto/rsa.go:23.47,29.2 2 0
github.com/fiskaly/coding-challenges/signing-service-challenge/crypto/rsa.go:35.37,37.2 1 0
github.com/fiskaly/coding-challenges/signing-service-challenge/crypto/rsa.go:41.76,56.2 5 0
github.com/fiskaly/coding-challenges/signing-service-challenge/crypto/rsa.go:59.79,62.16 3 0
github.com/fiskaly/coding-challenges/signing-service-challenge/crypto/rsa.go:62.16,64.3 1 0
github.com/fiskaly/coding-challenges/signing-service-challenge/crypto/rsa.go:66.2,69.8 1 0
github.com/fiskaly/coding-challenges/signing-service-challenge/crypto/signer.go:20.58,22.2 1 0
github.com/fiskaly/coding-challenges/signing-service-challenge/crypto/signer.go:24.55,27.2 2 0
github.com/fiskaly/coding-challenges/signing-service-challenge/crypto/signer.go:33.64,35.2 1 0
github.com/fiskaly/coding-challenges/signing-service-challenge/crypto/signer.go:37.57,40.2 2 0
github.com/fiskaly/coding-challenges/signing-service-challenge/persistence/inmemory.go:14.41,19.2 1 1
github.com/fiskaly/coding-challenges/signing-service-challenge/persistence/inmemory.go:21.66,25.47 3 1
github.com/fiskaly/coding-challenges/signing-service-challenge/persistence/inmemory.go:25.47,27.3 1 1
github.com/fiskaly/coding-challenges/signing-service-challenge/persistence/inmemory.go:29.2,30.12 2 1
github.com/fiskaly/coding-challenges/signing-service-challenge/persistence/inmemory.go:33.73,38.13 4 1
github.com/fiskaly/coding-challenges/signing-service-challenge/persistence/inmemory.go:38.13,40.3 1 1
github.com/fiskaly/coding-challenges/signing-service-challenge/persistence/inmemory.go:42.2,42.20 1 1
github.com/fiskaly/coding-challenges/signing-service-challenge/persistence/inmemory.go:45.66,50.35 4 1
github.com/fiskaly/coding-challenges/signing-service-challenge/persistence/inmemory.go:50.35,52.3 1 1
github.com/fiskaly/coding-challenges/signing-service-challenge/persistence/inmemory.go:54.2,54.21 1 1
github.com/fiskaly/coding-challenges/signing-service-challenge/persistence/inmemory.go:57.115,62.13 4 1
github.com/fiskaly/coding-challenges/signing-service-challenge/persistence/inmemory.go:62.13,64.3 1 1
github.com/fiskaly/coding-challenges/signing-service-challenge/persistence/inmemory.go:66.2,66.41 1 1
github.com/fiskaly/coding-challenges/signing-service-challenge/persistence/inmemory.go:66.41,68.3 1 0
github.com/fiskaly/coding-challenges/signing-service-challenge/persistence/inmemory.go:70.2,70.20 1 1
github.com/fiskaly/coding-challenges/signing-service-challenge/service/device_service.go:23.72,25.2 1 1
github.com/fiskaly/coding-challenges/signing-service-challenge/service/device_service.go:27.67,30.16 3 1
github.com/fiskaly/coding-challenges/signing-service-challenge/service/device_service.go:30.16,32.3 1 1
github.com/fiskaly/coding-challenges/signing-service-challenge/service/device_service.go:34.2,35.16 2 1
github.com/fiskaly/coding-challenges/signing-service-challenge/service/device_service.go:35.16,37.3 1 0
github.com/fiskaly/coding-challenges/signing-service-challenge/service/device_service.go:39.2,46.36 5 1
github.com/fiskaly/coding-challenges/signing-service-challenge/service/device_service.go:49.104,52.76 2 1
github.com/fiskaly/coding-challenges/signing-service-challenge/service/device_service.go:52.76,54.17 2 1
github.com/fiskaly/coding-challenges/signing-service-challenge/service/device_service.go:54.17,56.4 1 0
github.com/fiskaly/coding-challenges/signing-service-challenge/service/device_service.go:57.3,60.17 3 1
github.com/fiskaly/coding-challenges/signing-service-challenge/service/device_service.go:60.17,62.4 1 0
github.com/fiskaly/coding-challenges/signing-service-challenge/service/device_service.go:63.3,73.13 5 1
github.com/fiskaly/coding-challenges/signing-service-challenge/service/device_service.go:76.2,76.16 1 1
github.com/fiskaly/coding-challenges/signing-service-challenge/service/device_service.go:76.16,78.3 1 0
github.com/fiskaly/coding-challenges/signing-service-challenge/service/device_service.go:80.2,80.20 1 1
github.com/fiskaly/coding-challenges/signing-service-challenge/service/device_service.go:83.76,85.2 1 1
github.com/fiskaly/coding-challenges/signing-service-challenge/service/device_service.go:87.61,89.2 1 1
github.com/fiskaly/coding-challenges/signing-service-challenge/api/device.go:12.71,14.61 2 1
github.com/fiskaly/coding-challenges/signing-service-challenge/api/device.go:14.61,17.3 2 0
github.com/fiskaly/coding-challenges/signing-service-challenge/api/device.go:19.2,20.18 2 1
github.com/fiskaly/coding-challenges/signing-service-challenge/api/device.go:20.18,22.3 1 1
github.com/fiskaly/coding-challenges/signing-service-challenge/api/device.go:24.2,24.82 1 1
github.com/fiskaly/coding-challenges/signing-service-challenge/api/device.go:24.82,26.3 1 1
github.com/fiskaly/coding-challenges/signing-service-challenge/api/device.go:28.2,28.19 1 1
github.com/fiskaly/coding-challenges/signing-service-challenge/api/device.go:28.19,31.3 2 1
github.com/fiskaly/coding-challenges/signing-service-challenge/api/device.go:33.2,41.16 3 1
github.com/fiskaly/coding-challenges/signing-service-challenge/api/device.go:41.16,42.14 1 1
github.com/fiskaly/coding-challenges/signing-service-challenge/api/device.go:43.38,44.69 1 1
github.com/fiskaly/coding-challenges/signing-service-challenge/api/device.go:45.62,46.71 1 0
github.com/fiskaly/coding-challenges/signing-service-challenge/api/device.go:47.11,48.80 1 0
github.com/fiskaly/coding-challenges/signing-service-challenge/api/device.go:50.3,50.9 1 1
github.com/fiskaly/coding-challenges/signing-service-challenge/api/device.go:53.2,53.52 1 1
github.com/fiskaly/coding-challenges/signing-service-challenge/api/device.go:56.74,58.20 2 1
github.com/fiskaly/coding-challenges/signing-service-challenge/api/device.go:58.20,61.3 2 0
github.com/fiskaly/coding-challenges/signing-service-challenge/api/device.go:63.2,64.61 2 1
github.com/fiskaly/coding-challenges/signing-service-challenge/api/device.go:64.61,67.3 2 0
github.com/fiskaly/coding-challenges/signing-service-challenge/api/device.go:69.2,70.20 2 1
github.com/fiskaly/coding-challenges/signing-service-challenge/api/device.go:70.20,72.3 1 0
github.com/fiskaly/coding-challenges/signing-service-challenge/api/device.go:74.2,74.19 1 1
github.com/fiskaly/coding-challenges/signing-service-challenge/api/device.go:74.19,77.3 2 0
github.com/fiskaly/coding-challenges/signing-service-challenge/api/device.go:79.2,80.16 2 1
github.com/fiskaly/coding-challenges/signing-service-challenge/api/device.go:80.16,81.14 1 1
github.com/fiskaly/coding-challenges/signing-service-challenge/api/device.go:82.33,83.69 1 1
github.com/fiskaly/coding-challenges/signing-service-challenge/api/device.go:84.34,85.71 1 0
github.com/fiskaly/coding-challenges/signing-service-challenge/api/device.go:86.11,87.80 1 0
github.com/fiskaly/coding-challenges/signing-service-challenge/api/device.go:89.3,89.9 1 1
github.com/fiskaly/coding-challenges/signing-service-challenge/api/device.go:92.2,92.44 1 1
github.com/fiskaly/coding-challenges/signing-service-challenge/api/device.go:95.68,97.20 2 1
github.com/fiskaly/coding-challenges/signing-service-challenge/api/device.go:97.20,100.3 2 0
github.com/fiskaly/coding-challenges/signing-service-challenge/api/device.go:102.2,103.16 2 1
github.com/fiskaly/coding-challenges/signing-service-challenge/api/device.go:103.16,104.14 1 1
github.com/fiskaly/coding-challenges/signing-service-challenge/api/device.go:105.33,106.69 1 1
github.com/fiskaly/coding-challenges/signing-service-challenge/api/device.go:107.34,108.71 1 0
github.com/fiskaly/coding-challenges/signing-service-challenge/api/device.go:109.11,110.80 1 0
github.com/fiskaly/coding-challenges/signing-service-challenge/api/device.go:112.3,112.9 1 1
github.com/fiskaly/coding-challenges/signing-service-challenge/api/device.go:115.2,115.44 1 1
github.com/fiskaly/coding-challenges/signing-service-challenge/api/device.go:118.72,120.16 2 1
github.com/fiskaly/coding-challenges/signing-service-challenge/api/device.go:120.16,123.3 2 0
github.com/fiskaly/coding-challenges/signing-service-challenge/api/device.go:125.2,125.45 1 1
github.com/fiskaly/coding-challenges/signing-service-challenge/api/health.go:11.78,12.38 1 0
github.com/fiskaly/coding-challenges/signing-service-challenge/api/health.go:12.38,17.3 2 0
github.com/fiskaly/coding-challenges/signing-service-challenge/api/health.go:19.2,24.51 2 0
github.com/fiskaly/coding-challenges/signing-service-challenge/api/server.go:28.83,33.2 1 1
github.com/fiskaly/coding-challenges/signing-service-challenge/api/server.go:36.30,40.45 2 0
github.com/fiskaly/coding-challenges/signing-service-challenge/api/server.go:40.45,41.72 1 0
github.com/fiskaly/coding-challenges/signing-service-challenge/api/server.go:41.72,44.4 2 0
github.com/fiskaly/coding-challenges/signing-service-challenge/api/server.go:48.2,62.48 6 0
github.com/fiskaly/coding-challenges/signing-service-challenge/api/server.go:66.48,69.2 2 0
github.com/fiskaly/coding-challenges/signing-service-challenge/api/server.go:73.75,81.16 4 1
github.com/fiskaly/coding-challenges/signing-service-challenge/api/server.go:81.16,83.3 1 0
github.com/fiskaly/coding-challenges/signing-service-challenge/api/server.go:85.2,85.16 1 1
github.com/fiskaly/coding-challenges/signing-service-challenge/api/server.go:90.74,98.16 4 1
github.com/fiskaly/coding-challenges/signing-service-challenge/api/server.go:98.16,100.3 1 0
github.com/fiskaly/coding-challenges/signing-service-challenge/api/server.go:102.2,102.16 1 1
